<?xml version="1.0" encoding="UTF-8"?>
<!-- Generated by org.testng.reporters.JUnitReportReporter -->
<testsuite hostname="DESKTOP-GSA085C" failures="0" tests="3" name="testNG.MyTestNGClass" time="65.367" errors="0" timestamp="2022-12-08T14:34:12 IST" skipped="0">
  <testcase classname="testNG.MyTestNGClass" name="flipkartTest" time="38.072"/>
  <system-out/>
  <testcase classname="testNG.MyTestNGClass" name="googleTest" time="7.050"/>
  <system-out/>
  <testcase classname="testNG.MyTestNGClass" name="facebookTest" time="20.245"/>
  <system-out/>
</testsuite> <!-- testNG.MyTestNGClass -->
